<?xml version="1.0" encoding="UTF-8"?>
<!-- Generated by org.testng.reporters.JUnitReportReporter -->
<testsuite hostname="DESKTOP-5JL3AC0" failures="0" tests="1" name="com.MavenTest.BaseClass" time="4.714" errors="0" timestamp="29 Dec 2018 20:42:19 GMT" skipped="0">
  <testcase classname="com.MavenTest.BaseClass" name="setUp" time="4.714"/>
</testsuite> <!-- com.MavenTest.BaseClass -->
